# JRE version: OpenJDK Runtime Environment (8.0_152-b01) (build 1.8.0_152-release-1343-b01)
# Java VM: OpenJDK 64-Bit Server VM (25.152-b01 mixed mode windows-amd64 compressed oops)
Heap:
 PSYoungGen      total 150528K, used 64921K [0x00000000e0000000, 0x00000000eaf80000, 0x0000000100000000)
  eden space 121856K, 43% used [0x00000000e0000000,0x00000000e33d1e08,0x00000000e7700000)
  from space 28672K, 41% used [0x00000000e7700000,0x00000000e8294618,0x00000000e9300000)
  to   space 27136K, 0% used [0x00000000e9500000,0x00000000e9500000,0x00000000eaf80000)
 ParOldGen       total 431616K, used 40953K [0x00000000a0000000, 0x00000000ba580000, 0x00000000e0000000)
  object space 431616K, 9% used [0x00000000a0000000,0x00000000a27fe5a0,0x00000000ba580000)
 Metaspace       used 93718K, capacity 99528K, committed 100376K, reserved 1136640K
  class space    used 11662K, capacity 12591K, committed 12840K, reserved 1048576K
GC Heap History (10 events):
Event: 8586.607 GC heap before
{Heap before GC invocations=47 (full 3):
 PSYoungGen      total 123904K, used 39839K [0x00000000e0000000, 0x00000000ead80000, 0x0000000100000000)
  eden space 119296K, 29% used [0x00000000e0000000,0x00000000e22a4488,0x00000000e7480000)
  from space 4608K, 94% used [0x00000000e7600000,0x00000000e7a43a90,0x00000000e7a80000)
  to   space 29184K, 0% used [0x00000000e9100000,0x00000000e9100000,0x00000000ead80000)
 ParOldGen       total 292352K, used 74039K [0x00000000a0000000, 0x00000000b1d80000, 0x00000000e0000000)
  object space 292352K, 25% used [0x00000000a0000000,0x00000000a484dcf8,0x00000000b1d80000)
 Metaspace       used 92446K, capacity 98552K, committed 98584K, reserved 1134592K
  class space    used 11554K, capacity 12579K, committed 12584K, reserved 1048576K
Event: 8586.615 GC heap after
Heap after GC invocations=47 (full 3):
 PSYoungGen      total 143360K, used 5843K [0x00000000e0000000, 0x00000000eaa00000, 0x0000000100000000)
  eden space 117760K, 0% used [0x00000000e0000000,0x00000000e0000000,0x00000000e7300000)
  from space 25600K, 22% used [0x00000000e9100000,0x00000000e96b4d80,0x00000000eaa00000)
  to   space 28160K, 0% used [0x00000000e7300000,0x00000000e7300000,0x00000000e8e80000)
 ParOldGen       total 292352K, used 74079K [0x00000000a0000000, 0x00000000b1d80000, 0x00000000e0000000)
  object space 292352K, 25% used [0x00000000a0000000,0x00000000a4857cf8,0x00000000b1d80000)
 Metaspace       used 92446K, capacity 98552K, committed 98584K, reserved 1134592K
  class space    used 11554K, capacity 12579K, committed 12584K, reserved 1048576K
}
Event: 8586.615 GC heap before
{Heap before GC invocations=48 (full 4):
 PSYoungGen      total 143360K, used 5843K [0x00000000e0000000, 0x00000000eaa00000, 0x0000000100000000)
  eden space 117760K, 0% used [0x00000000e0000000,0x00000000e0000000,0x00000000e7300000)
  from space 25600K, 22% used [0x00000000e9100000,0x00000000e96b4d80,0x00000000eaa00000)
  to   space 28160K, 0% used [0x00000000e7300000,0x00000000e7300000,0x00000000e8e80000)
 ParOldGen       total 292352K, used 74079K [0x00000000a0000000, 0x00000000b1d80000, 0x00000000e0000000)
  object space 292352K, 25% used [0x00000000a0000000,0x00000000a4857cf8,0x00000000b1d80000)
 Metaspace       used 92446K, capacity 98552K, committed 98584K, reserved 1134592K
  class space    used 11554K, capacity 12579K, committed 12584K, reserved 1048576K
Event: 8586.944 GC heap after
Heap after GC invocations=48 (full 4):
 PSYoungGen      total 143360K, used 0K [0x00000000e0000000, 0x00000000eaa00000, 0x0000000100000000)
  eden space 117760K, 0% used [0x00000000e0000000,0x00000000e0000000,0x00000000e7300000)
  from space 25600K, 0% used [0x00000000e9100000,0x00000000e9100000,0x00000000eaa00000)
  to   space 28160K, 0% used [0x00000000e7300000,0x00000000e7300000,0x00000000e8e80000)
 ParOldGen       total 431616K, used 40929K [0x00000000a0000000, 0x00000000ba580000, 0x00000000e0000000)
  object space 431616K, 9% used [0x00000000a0000000,0x00000000a27f85a0,0x00000000ba580000)
 Metaspace       used 91933K, capacity 97490K, committed 98584K, reserved 1134592K
  class space    used 11437K, capacity 12366K, committed 12584K, reserved 1048576K
}
Event: 8631.298 GC heap before
{Heap before GC invocations=49 (full 4):
 PSYoungGen      total 143360K, used 117760K [0x00000000e0000000, 0x00000000eaa00000, 0x0000000100000000)
  eden space 117760K, 100% used [0x00000000e0000000,0x00000000e7300000,0x00000000e7300000)
  from space 25600K, 0% used [0x00000000e9100000,0x00000000e9100000,0x00000000eaa00000)
  to   space 28160K, 0% used [0x00000000e7300000,0x00000000e7300000,0x00000000e8e80000)
 ParOldGen       total 431616K, used 40929K [0x00000000a0000000, 0x00000000ba580000, 0x00000000e0000000)
  object space 431616K, 9% used [0x00000000a0000000,0x00000000a27f85a0,0x00000000ba580000)
 Metaspace       used 93319K, capacity 99054K, committed 99992K, reserved 1136640K
  class space    used 11616K, capacity 12536K, committed 12712K, reserved 1048576K
Event: 8631.322 GC heap after
Heap after GC invocations=49 (full 4):
 PSYoungGen      total 145920K, used 17371K [0x00000000e0000000, 0x00000000eaf80000, 0x0000000100000000)
  eden space 117760K, 0% used [0x00000000e0000000,0x00000000e0000000,0x00000000e7300000)
  from space 28160K, 61% used [0x00000000e7300000,0x00000000e83f6ef8,0x00000000e8e80000)
  to   space 29184K, 0% used [0x00000000e9300000,0x00000000e9300000,0x00000000eaf80000)
 ParOldGen       total 431616K, used 40937K [0x00000000a0000000, 0x00000000ba580000, 0x00000000e0000000)
  object space 431616K, 9% used [0x00000000a0000000,0x00000000a27fa5a0,0x00000000ba580000)
 Metaspace       used 93319K, capacity 99054K, committed 99992K, reserved 1136640K
  class space    used 11616K, capacity 12536K, committed 12712K, reserved 1048576K
}
Event: 8632.883 GC heap before
{Heap before GC invocations=50 (full 4):
 PSYoungGen      total 145920K, used 135131K [0x00000000e0000000, 0x00000000eaf80000, 0x0000000100000000)
  eden space 117760K, 100% used [0x00000000e0000000,0x00000000e7300000,0x00000000e7300000)
  from space 28160K, 61% used [0x00000000e7300000,0x00000000e83f6ef8,0x00000000e8e80000)
  to   space 29184K, 0% used [0x00000000e9300000,0x00000000e9300000,0x00000000eaf80000)
 ParOldGen       total 431616K, used 40937K [0x00000000a0000000, 0x00000000ba580000, 0x00000000e0000000)
  object space 431616K, 9% used [0x00000000a0000000,0x00000000a27fa5a0,0x00000000ba580000)
 Metaspace       used 93649K, capacity 99500K, committed 100376K, reserved 1136640K
  class space    used 11660K, capacity 12587K, committed 12840K, reserved 1048576K
Event: 8632.900 GC heap after
Heap after GC invocations=50 (full 4):
 PSYoungGen      total 151040K, used 15611K [0x00000000e0000000, 0x00000000eaf80000, 0x0000000100000000)
  eden space 121856K, 0% used [0x00000000e0000000,0x00000000e0000000,0x00000000e7700000)
  from space 29184K, 53% used [0x00000000e9300000,0x00000000ea23ecb0,0x00000000eaf80000)
  to   space 28672K, 0% used [0x00000000e7700000,0x00000000e7700000,0x00000000e9300000)
 ParOldGen       total 431616K, used 40945K [0x00000000a0000000, 0x00000000ba580000, 0x00000000e0000000)
  object space 431616K, 9% used [0x00000000a0000000,0x00000000a27fc5a0,0x00000000ba580000)
 Metaspace       used 93649K, capacity 99500K, committed 100376K, reserved 1136640K
  class space    used 11660K, capacity 12587K, committed 12840K, reserved 1048576K
}
Event: 8673.834 GC heap before
{Heap before GC invocations=51 (full 4):
 PSYoungGen      total 151040K, used 137467K [0x00000000e0000000, 0x00000000eaf80000, 0x0000000100000000)
  eden space 121856K, 100% used [0x00000000e0000000,0x00000000e7700000,0x00000000e7700000)
  from space 29184K, 53% used [0x00000000e9300000,0x00000000ea23ecb0,0x00000000eaf80000)
  to   space 28672K, 0% used [0x00000000e7700000,0x00000000e7700000,0x00000000e9300000)
 ParOldGen       total 431616K, used 40945K [0x00000000a0000000, 0x00000000ba580000, 0x00000000e0000000)
  object space 431616K, 9% used [0x00000000a0000000,0x00000000a27fc5a0,0x00000000ba580000)
 Metaspace       used 93685K, capacity 99524K, committed 100376K, reserved 1136640K
  class space    used 11662K, capacity 12591K, committed 12840K, reserved 1048576K
Event: 8673.846 GC heap after
Heap after GC invocations=51 (full 4):
 PSYoungGen      total 150528K, used 11857K [0x00000000e0000000, 0x00000000eaf80000, 0x0000000100000000)
  eden space 121856K, 0% used [0x00000000e0000000,0x00000000e0000000,0x00000000e7700000)
  from space 28672K, 41% used [0x00000000e7700000,0x00000000e8294618,0x00000000e9300000)
  to   space 27136K, 0% used [0x00000000e9500000,0x00000000e9500000,0x00000000eaf80000)
 ParOldGen       total 431616K, used 40953K [0x00000000a0000000, 0x00000000ba580000, 0x00000000e0000000)
  object space 431616K, 9% used [0x00000000a0000000,0x00000000a27fe5a0,0x00000000ba580000)
 Metaspace       used 93685K, capacity 99524K, committed 100376K, reserved 1136640K
  class space    used 11662K, capacity 12591K, committed 12840K, reserved 1048576K
}

